#
# There is insufficient memory for the Java Runtime Environment to continue.
# Native memory allocation (malloc) failed to allocate 1952976 bytes for Chunk::new
# Possible reasons:
#   The system is out of physical RAM or swap space
#   The process is running with CompressedOops enabled, and the Java Heap may be blocking the growth of the native heap
# Possible solutions:
#   Reduce memory load on the system
#   Increase physical memory or swap space
#   Check if swap backing store is full
#   Decrease Java heap size (-Xmx/-Xms)
#   Decrease number of Java threads
#   Decrease Java thread stack sizes (-Xss)
#   Set larger code cache with -XX:ReservedCodeCacheSize=
#   JVM is running with Unscaled Compressed Oops mode in which the Java heap is
#     placed in the first 4GB address space. The Java Heap base address is the
#     maximum limit for the native heap growth. Please use -XX:HeapBaseMinAddress
#     to set the Java Heap base and to place the Java Heap above 4GB virtual address.
# This output file may be truncated or incomplete.
#
#  Out of Memory Error (allocation.cpp:389), pid=10788, tid=0x00000000000027f0
#
# JRE version: OpenJDK Runtime Environment (8.0_242-b01) (build 1.8.0_242-release-1644-b01)
# Java VM: OpenJDK 64-Bit Server VM (25.242-b01 mixed mode windows-amd64 compressed oops)
# Failed to write core dump. Minidumps are not enabled by default on client versions of Windows
#

---------------  T H R E A D  ---------------

Current thread (0x0000000017496800):  JavaThread "C2 CompilerThread0" daemon [_thread_in_native, id=10224, stack(0x0000000018ae0000,0x0000000018be0000)]

Stack: [0x0000000018ae0000,0x0000000018be0000]
[error occurred during error reporting (printing stack bounds), id 0xc0000005]

Native frames: (J=compiled Java code, j=interpreted, Vv=VM code, C=native code)


Current CompileTask:
C2:  19817 5351       4       com.sun.beans.TypeResolver::resolve (37 bytes)


---------------  P R O C E S S  ---------------

Java Threads: ( => current thread )
  0x000000001db07000 JavaThread "Cache worker for Build Output Cleanup Cache (C:\Users\MUHAMMAD USAMA RAUF\Downloads\Compressed\qibladirection2\.gradle\buildOutputCleanup)" [_thread_blocked, id=6024, stack(0x00000000239a0000,0x0000000023aa0000)]
  0x000000001db03000 JavaThread "Build operations Thread 4" [_thread_blocked, id=1160, stack(0x00000000232a0000,0x00000000233a0000)]
  0x000000001db04000 JavaThread "Build operations Thread 3" [_thread_blocked, id=2224, stack(0x00000000231a0000,0x00000000232a0000)]
  0x000000001db09000 JavaThread "Build operations Thread 2" [_thread_blocked, id=11032, stack(0x00000000230a0000,0x00000000231a0000)]
  0x000000001db0a000 JavaThread "Build operations" [_thread_blocked, id=5276, stack(0x0000000022fa0000,0x00000000230a0000)]
  0x000000001b3ad800 JavaThread "Cache worker for execution history cache (C:\Users\MUHAMMAD USAMA RAUF\.gradle\caches\6.1.1\executionHistory)" [_thread_blocked, id=7224, stack(0x00000000210b0000,0x00000000211b0000)]
  0x000000001b3ac000 JavaThread "Cache worker for cache directory md-rule (C:\Users\MUHAMMAD USAMA RAUF\.gradle\caches\6.1.1\md-rule)" [_thread_blocked, id=5204, stack(0x0000000020fb0000,0x00000000210b0000)]
  0x000000001b3ab000 JavaThread "Cache worker for cache directory md-supplier (C:\Users\MUHAMMAD USAMA RAUF\.gradle\caches\6.1.1\md-supplier)" [_thread_blocked, id=6404, stack(0x0000000020eb0000,0x0000000020fb0000)]
  0x000000001b3aa800 JavaThread "Cache worker for file hash cache (C:\Users\MUHAMMAD USAMA RAUF\Downloads\Compressed\qibladirection2\.gradle\6.1.1\fileHashes)" [_thread_blocked, id=4976, stack(0x0000000020db0000,0x0000000020eb0000)]
  0x000000001b3a9000 JavaThread "Cache worker for checksums cache (C:\Users\MUHAMMAD USAMA RAUF\Downloads\Compressed\qibladirection2\.gradle\checksums)" [_thread_blocked, id=12708, stack(0x0000000020cb0000,0x0000000020db0000)]
  0x000000001b3a8000 JavaThread "Cache worker for file hash cache (C:\Users\MUHAMMAD USAMA RAUF\.gradle\caches\6.1.1\fileHashes)" [_thread_blocked, id=360, stack(0x000000001d200000,0x000000001d300000)]
  0x000000001b3a9800 JavaThread "File lock request listener" [_thread_in_native, id=1876, stack(0x000000001d100000,0x000000001d200000)]
  0x000000001b3a6000 JavaThread "Cache worker for journal cache (C:\Users\MUHAMMAD USAMA RAUF\.gradle\caches\journal-1)" [_thread_blocked, id=13168, stack(0x000000001d000000,0x000000001d100000)]
  0x000000001b0f1800 JavaThread "Thread-9" [_thread_blocked, id=5976, stack(0x000000001cd00000,0x000000001ce00000)]
  0x000000001b0f1000 JavaThread "Stdin handler" [_thread_blocked, id=10156, stack(0x000000001cc00000,0x000000001cd00000)]
  0x000000001b0ec000 JavaThread "Asynchronous log dispatcher for DefaultDaemonConnection: socket connection from /127.0.0.1:58146 to /127.0.0.1:58147" [_thread_blocked, id=12828, stack(0x000000001cb00000,0x000000001cc00000)]
  0x000000001b0e9000 JavaThread "Daemon worker" [_thread_in_vm, id=7316, stack(0x000000001ca00000,0x000000001cb00000)]
  0x000000001b0e6000 JavaThread "Cancel handler" [_thread_blocked, id=9560, stack(0x000000001c900000,0x000000001ca00000)]
  0x0000000019f03000 JavaThread "Handler for socket connection from /127.0.0.1:58146 to /127.0.0.1:58147" [_thread_in_native, id=3716, stack(0x000000001c600000,0x000000001c700000)]
  0x000000001b045800 JavaThread "Daemon" [_thread_blocked, id=11504, stack(0x000000001c500000,0x000000001c600000)]
  0x000000001b092000 JavaThread "Daemon periodic checks" [_thread_blocked, id=11936, stack(0x000000001c400000,0x000000001c500000)]
  0x000000001b08b000 JavaThread "Incoming local TCP Connector on port 58146" [_thread_in_native, id=11912, stack(0x000000001c1c0000,0x000000001c2c0000)]
  0x000000001ae61800 JavaThread "Daemon health stats" [_thread_blocked, id=2488, stack(0x000000001bb80000,0x000000001bc80000)]
  0x00000000174ee800 JavaThread "Service Thread" daemon [_thread_blocked, id=7956, stack(0x00000000191e0000,0x00000000192e0000)]
  0x00000000174a0800 JavaThread "C1 CompilerThread2" daemon [_thread_blocked, id=5304, stack(0x0000000018ce0000,0x0000000018de0000)]
  0x0000000017499800 JavaThread "C2 CompilerThread1" daemon [_thread_in_native, id=4116, stack(0x0000000018be0000,0x0000000018ce0000)]
=>0x0000000017496800 JavaThread "C2 CompilerThread0" daemon [_thread_in_native, id=10224, stack(0x0000000018ae0000,0x0000000018be0000)]
  0x0000000017495000 JavaThread "Attach Listener" daemon [_thread_blocked, id=5380, stack(0x00000000189e0000,0x0000000018ae0000)]
  0x0000000017493800 JavaThread "Signal Dispatcher" daemon [_thread_blocked, id=12712, stack(0x00000000188e0000,0x00000000189e0000)]
  0x000000000286b000 JavaThread "Finalizer" daemon [_thread_blocked, id=6548, stack(0x00000000186e0000,0x00000000187e0000)]
  0x0000000017479000 JavaThread "Reference Handler" daemon [_thread_blocked, id=2044, stack(0x00000000185e0000,0x00000000186e0000)]
  0x000000000250e000 JavaThread "main" [_thread_blocked, id=11896, stack(0x0000000002670000,0x0000000002770000)]

Other Threads:
  0x0000000017456000 VMThread [stack: 0x00000000184e0000,0x00000000185e0000] [id=6184]
  0x0000000018e25000 WatcherThread [stack: 0x00000000192e0000,0x00000000193e0000] [id=8820]

VM state:not at safepoint (normal execution)

VM Mutex/Monitor currently owned by a thread: None

heap address: 0x0000000080000000, size: 2048 MB, Compressed Oops mode: 32-bit
Narrow klass base: 0x0000000000000000, Narrow klass shift: 3
Compressed class space size: 1073741824 Address: 0x0000000100000000

Heap:
 PSYoungGen      total 185344K, used 137752K [0x00000000d5580000, 0x00000000e4480000, 0x0000000100000000)
  eden space 173056K, 72% used [0x00000000d5580000,0x00000000dd009210,0x00000000dfe80000)
  from space 12288K, 99% used [0x00000000dfe80000,0x00000000e0a7cef0,0x00000000e0a80000)
  to   space 15360K, 0% used [0x00000000e3580000,0x00000000e3580000,0x00000000e4480000)
 ParOldGen       total 55296K, used 17177K [0x0000000080000000, 0x0000000083600000, 0x00000000d5580000)
  object space 55296K, 31% used [0x0000000080000000,0x00000000810c67e0,0x0000000083600000)
 Metaspace       used 54968K, capacity 56980K, committed 57136K, reserved 1099776K
  class space    used 7239K, capacity 7701K, committed 7728K, reserved 1048576K

Card table byte_map: [0x0000000011c30000,0x0000000012040000] byte_map_base: 0x0000000011830000

Marking Bits: (ParMarkBitMap*) 0x000000006c70f030
 Begin Bits: [0x00000000126f0000, 0x00000000146f0000)
 End Bits:   [0x00000000146f0000, 0x00000000166f0000)

Polling page: 0x00000000008d0000

CodeCache: size=245760Kb used=18604Kb max_used=18604Kb free=227155Kb
 bounds [0x0000000002870000, 0x0000000003ab0000, 0x0000000011870000]
 total_blobs=5820 nmethods=5028 adapters=705
 compilation: enabled

Compilation events (10 events):
Event: 19.789 Thread 0x00000000174a0800 5396       1       com.android.build.gradle.internal.publishing.OutputSpecImpl::getArtifactType (5 bytes)
Event: 19.789 Thread 0x00000000174a0800 nmethod 5396 0x0000000003aa3fd0 code [0x0000000003aa4120, 0x0000000003aa4230]
Event: 19.789 Thread 0x00000000174a0800 5397       1       com.android.build.gradle.internal.publishing.OutputSpecImpl::getPublishedConfigTypes (5 bytes)
Event: 19.789 Thread 0x00000000174a0800 nmethod 5397 0x0000000003aa4290 code [0x0000000003aa43e0, 0x0000000003aa44f0]
Event: 19.800 Thread 0x00000000174a0800 5398       3       sun.reflect.annotation.AnnotationParser::parseArray (226 bytes)
Event: 19.802 Thread 0x00000000174a0800 nmethod 5398 0x0000000003aa4550 code [0x0000000003aa47e0, 0x0000000003aa53f8]
Event: 19.802 Thread 0x00000000174a0800 5399       3       org.gradle.internal.instantiation.generator.AbstractClassGenerator$InjectionAnnotationValidator::validateMethod (160 bytes)
Event: 19.804 Thread 0x00000000174a0800 nmethod 5399 0x0000000003aa5790 code [0x0000000003aa5ac0, 0x0000000003aa7188]
Event: 19.804 Thread 0x00000000174a0800 5400   !   3       com.sun.proxy.$Proxy12::annotationType (29 bytes)
Event: 19.804 Thread 0x00000000174a0800 nmethod 5400 0x0000000003aa7d50 code [0x0000000003aa7ee0, 0x0000000003aa8318]

GC Heap History (10 events):
Event: 6.877 GC heap before
{Heap before GC invocations=9 (full 1):
 PSYoungGen      total 136704K, used 4702K [0x00000000d5580000, 0x00000000de480000, 0x0000000100000000)
  eden space 128000K, 0% used [0x00000000d5580000,0x00000000d5580000,0x00000000dd280000)
  from space 8704K, 54% used [0x00000000ddc00000,0x00000000de0979f0,0x00000000de480000)
  to   space 9216K, 0% used [0x00000000dd280000,0x00000000dd280000,0x00000000ddb80000)
 ParOldGen       total 44032K, used 8829K [0x0000000080000000, 0x0000000082b00000, 0x00000000d5580000)
  object space 44032K, 20% used [0x0000000080000000,0x000000008089f540,0x0000000082b00000)
 Metaspace       used 20560K, capacity 21214K, committed 21296K, reserved 1067008K
  class space    used 2885K, capacity 3093K, committed 3120K, reserved 1048576K
Event: 6.963 GC heap after
Heap after GC invocations=9 (full 1):
 PSYoungGen      total 136704K, used 0K [0x00000000d5580000, 0x00000000de480000, 0x0000000100000000)
  eden space 128000K, 0% used [0x00000000d5580000,0x00000000d5580000,0x00000000dd280000)
  from space 8704K, 0% used [0x00000000ddc00000,0x00000000ddc00000,0x00000000de480000)
  to   space 9216K, 0% used [0x00000000dd280000,0x00000000dd280000,0x00000000ddb80000)
 ParOldGen       total 35840K, used 9300K [0x0000000080000000, 0x0000000082300000, 0x00000000d5580000)
  object space 35840K, 25% used [0x0000000080000000,0x0000000080915298,0x0000000082300000)
 Metaspace       used 20560K, capacity 21214K, committed 21296K, reserved 1067008K
  class space    used 2885K, capacity 3093K, committed 3120K, reserved 1048576K
}
Event: 9.545 GC heap before
{Heap before GC invocations=10 (full 1):
 PSYoungGen      total 136704K, used 128000K [0x00000000d5580000, 0x00000000de480000, 0x0000000100000000)
  eden space 128000K, 100% used [0x00000000d5580000,0x00000000dd280000,0x00000000dd280000)
  from space 8704K, 0% used [0x00000000ddc00000,0x00000000ddc00000,0x00000000de480000)
  to   space 9216K, 0% used [0x00000000dd280000,0x00000000dd280000,0x00000000ddb80000)
 ParOldGen       total 35840K, used 9300K [0x0000000080000000, 0x0000000082300000, 0x00000000d5580000)
  object space 35840K, 25% used [0x0000000080000000,0x0000000080915298,0x0000000082300000)
 Metaspace       used 32667K, capacity 33564K, committed 33712K, reserved 1079296K
  class space    used 4421K, capacity 4671K, committed 4784K, reserved 1048576K
Event: 9.570 GC heap after
Heap after GC invocations=10 (full 1):
 PSYoungGen      total 137216K, used 9207K [0x00000000d5580000, 0x00000000e1680000, 0x0000000100000000)
  eden space 128000K, 0% used [0x00000000d5580000,0x00000000d5580000,0x00000000dd280000)
  from space 9216K, 99% used [0x00000000dd280000,0x00000000ddb7ddb8,0x00000000ddb80000)
  to   space 12288K, 0% used [0x00000000e0a80000,0x00000000e0a80000,0x00000000e1680000)
 ParOldGen       total 35840K, used 13121K [0x0000000080000000, 0x0000000082300000, 0x00000000d5580000)
  object space 35840K, 36% used [0x0000000080000000,0x0000000080cd0490,0x0000000082300000)
 Metaspace       used 32667K, capacity 33564K, committed 33712K, reserved 1079296K
  class space    used 4421K, capacity 4671K, committed 4784K, reserved 1048576K
}
Event: 10.309 GC heap before
{Heap before GC invocations=11 (full 1):
 PSYoungGen      total 137216K, used 24533K [0x00000000d5580000, 0x00000000e1680000, 0x0000000100000000)
  eden space 128000K, 11% used [0x00000000d5580000,0x00000000d6477888,0x00000000dd280000)
  from space 9216K, 99% used [0x00000000dd280000,0x00000000ddb7ddb8,0x00000000ddb80000)
  to   space 12288K, 0% used [0x00000000e0a80000,0x00000000e0a80000,0x00000000e1680000)
 ParOldGen       total 35840K, used 13121K [0x0000000080000000, 0x0000000082300000, 0x00000000d5580000)
  object space 35840K, 36% used [0x0000000080000000,0x0000000080cd0490,0x0000000082300000)
 Metaspace       used 34519K, capacity 35358K, committed 35496K, reserved 1079296K
  class space    used 4582K, capacity 4838K, committed 4912K, reserved 1048576K
Event: 10.326 GC heap after
Heap after GC invocations=11 (full 1):
 PSYoungGen      total 185344K, used 7323K [0x00000000d5580000, 0x00000000e1780000, 0x0000000100000000)
  eden space 173056K, 0% used [0x00000000d5580000,0x00000000d5580000,0x00000000dfe80000)
  from space 12288K, 59% used [0x00000000e0a80000,0x00000000e11a6cd8,0x00000000e1680000)
  to   space 12288K, 0% used [0x00000000dfe80000,0x00000000dfe80000,0x00000000e0a80000)
 ParOldGen       total 35840K, used 13129K [0x0000000080000000, 0x0000000082300000, 0x00000000d5580000)
  object space 35840K, 36% used [0x0000000080000000,0x0000000080cd2490,0x0000000082300000)
 Metaspace       used 34519K, capacity 35358K, committed 35496K, reserved 1079296K
  class space    used 4582K, capacity 4838K, committed 4912K, reserved 1048576K
}
Event: 10.326 GC heap before
{Heap before GC invocations=12 (full 2):
 PSYoungGen      total 185344K, used 7323K [0x00000000d5580000, 0x00000000e1780000, 0x0000000100000000)
  eden space 173056K, 0% used [0x00000000d5580000,0x00000000d5580000,0x00000000dfe80000)
  from space 12288K, 59% used [0x00000000e0a80000,0x00000000e11a6cd8,0x00000000e1680000)
  to   space 12288K, 0% used [0x00000000dfe80000,0x00000000dfe80000,0x00000000e0a80000)
 ParOldGen       total 35840K, used 13129K [0x0000000080000000, 0x0000000082300000, 0x00000000d5580000)
  object space 35840K, 36% used [0x0000000080000000,0x0000000080cd2490,0x0000000082300000)
 Metaspace       used 34519K, capacity 35358K, committed 35496K, reserved 1079296K
  class space    used 4582K, capacity 4838K, committed 4912K, reserved 1048576K
Event: 10.443 GC heap after
Heap after GC invocations=12 (full 2):
 PSYoungGen      total 185344K, used 0K [0x00000000d5580000, 0x00000000e1780000, 0x0000000100000000)
  eden space 173056K, 0% used [0x00000000d5580000,0x00000000d5580000,0x00000000dfe80000)
  from space 12288K, 0% used [0x00000000e0a80000,0x00000000e0a80000,0x00000000e1680000)
  to   space 12288K, 0% used [0x00000000dfe80000,0x00000000dfe80000,0x00000000e0a80000)
 ParOldGen       total 55296K, used 14241K [0x0000000080000000, 0x0000000083600000, 0x00000000d5580000)
  object space 55296K, 25% used [0x0000000080000000,0x0000000080de86b8,0x0000000083600000)
 Metaspace       used 34519K, capacity 35358K, committed 35496K, reserved 1079296K
  class space    used 4582K, capacity 4838K, committed 4912K, reserved 1048576K
}
Event: 16.103 GC heap before
{Heap before GC invocations=13 (full 2):
 PSYoungGen      total 185344K, used 173056K [0x00000000d5580000, 0x00000000e1780000, 0x0000000100000000)
  eden space 173056K, 100% used [0x00000000d5580000,0x00000000dfe80000,0x00000000dfe80000)
  from space 12288K, 0% used [0x00000000e0a80000,0x00000000e0a80000,0x00000000e1680000)
  to   space 12288K, 0% used [0x00000000dfe80000,0x00000000dfe80000,0x00000000e0a80000)
 ParOldGen       total 55296K, used 14241K [0x0000000080000000, 0x0000000083600000, 0x00000000d5580000)
  object space 55296K, 25% used [0x0000000080000000,0x0000000080de86b8,0x0000000083600000)
 Metaspace       used 44614K, capacity 46262K, committed 46640K, reserved 1089536K
  class space    used 5960K, capacity 6325K, committed 6448K, reserved 1048576K
Event: 16.127 GC heap after
Heap after GC invocations=13 (full 2):
 PSYoungGen      total 185344K, used 12275K [0x00000000d5580000, 0x00000000e4480000, 0x0000000100000000)
  eden space 173056K, 0% used [0x00000000d5580000,0x00000000d5580000,0x00000000dfe80000)
  from space 12288K, 99% used [0x00000000dfe80000,0x00000000e0a7cef0,0x00000000e0a80000)
  to   space 15360K, 0% used [0x00000000e3580000,0x00000000e3580000,0x00000000e4480000)
 ParOldGen       total 55296K, used 17177K [0x0000000080000000, 0x0000000083600000, 0x00000000d5580000)
  object space 55296K, 31% used [0x0000000080000000,0x00000000810c67e0,0x0000000083600000)
 Metaspace       used 44614K, capacity 46262K, committed 46640K, reserved 1089536K
  class space    used 5960K, capacity 6325K, committed 6448K, reserved 1048576K
}

Deoptimization events (10 events):
Event: 17.031 Thread 0x000000001b0e9000 Uncommon trap: reason=unstable_if action=reinterpret pc=0x0000000002c7f3a8 method=java.security.CodeSource.matchCerts(Ljava/security/CodeSource;Z)Z @ 11
Event: 17.075 Thread 0x000000001b0e9000 Uncommon trap: reason=unstable_if action=reinterpret pc=0x00000000037b261c method=java.util.LinkedHashMap.get(Ljava/lang/Object;)Ljava/lang/Object; @ 20
Event: 17.173 Thread 0x000000001b0e9000 Uncommon trap: reason=unstable_if action=reinterpret pc=0x0000000002e472bc method=java.security.CodeSource.matchCerts(Ljava/security/CodeSource;Z)Z @ 11
Event: 17.581 Thread 0x000000001b0e9000 Uncommon trap: reason=unstable_if action=reinterpret pc=0x00000000037e50bc method=groovy.lang.MetaClassImpl.filterPropertyMethod(Ljava/lang/Object;ZZ)Ljava/lang/Object; @ 192
Event: 17.597 Thread 0x000000001b0e9000 Uncommon trap: reason=unstable_if action=reinterpret pc=0x0000000002c81630 method=java.util.concurrent.ConcurrentHashMap.addCount(JI)V @ 110
Event: 18.190 Thread 0x000000001b0e9000 Uncommon trap: reason=unstable_if action=reinterpret pc=0x0000000002c6dd70 method=org.gradle.internal.reflect.PropertyAccessorType.of(Ljava/lang/reflect/Method;)Lorg/gradle/internal/reflect/PropertyAccessorType; @ 56
Event: 18.721 Thread 0x000000001b0e9000 Uncommon trap: reason=unstable_if action=reinterpret pc=0x0000000003a15b08 method=com.sun.org.apache.xerces.internal.util.SymbolTable.addSymbol([CII)Ljava/lang/String; @ 38
Event: 18.721 Thread 0x000000001b0e9000 Uncommon trap: reason=unstable_if action=reinterpret pc=0x0000000003a16110 method=com.sun.org.apache.xerces.internal.impl.XMLEntityScanner.skipSpaces()Z @ 72
Event: 18.931 Thread 0x000000001b0e9000 Uncommon trap: reason=unstable_if action=reinterpret pc=0x000000000388ffb0 method=org.gradle.internal.instantiation.generator.AbstractClassGenerator$InjectionAnnotationValidator.validateMethod(Ljava/lang/reflect/Method;Lorg/gradle/internal/reflect/Propert
Event: 18.931 Thread 0x000000001b0e9000 Uncommon trap: reason=unstable_if action=reinterpret pc=0x000000000389d280 method=org.gradle.internal.instantiation.generator.AbstractClassGenerator$InjectionAnnotationValidator.validateMethod(Ljava/lang/reflect/Method;Lorg/gradle/internal/reflect/Propert

Classes redefined (0 events):
No events

Internal exceptions (10 events):
Event: 19.526 Thread 0x000000001b0e9000 Exception <a 'java/lang/ClassNotFoundException': org/gradle/api/internal/file/CompositeFileTreeBeanInfo> (0x00000000dc51cb40) thrown at [C:\src\AOSP-openjdk-git\hotspot\src\share\vm\classfile\systemDictionary.cpp, line 210]
Event: 19.528 Thread 0x000000001b0e9000 Exception <a 'java/lang/ClassNotFoundException': org/gradle/api/internal/file/CompositeFileCollectionBeanInfo> (0x00000000dc55b1a8) thrown at [C:\src\AOSP-openjdk-git\hotspot\src\share\vm\classfile\systemDictionary.cpp, line 210]
Event: 19.531 Thread 0x000000001b0e9000 Exception <a 'java/lang/ClassNotFoundException': org/gradle/api/internal/file/AbstractFileCollectionBeanInfo> (0x00000000dc599b50) thrown at [C:\src\AOSP-openjdk-git\hotspot\src\share\vm\classfile\systemDictionary.cpp, line 210]
Event: 19.533 Thread 0x000000001b0e9000 Exception <a 'java/lang/ClassNotFoundException': org/gradle/api/internal/file/AbstractFileCollectionCustomizer> (0x00000000dc5d9198) thrown at [C:\src\AOSP-openjdk-git\hotspot\src\share\vm\classfile\systemDictionary.cpp, line 210]
Event: 19.537 Thread 0x000000001b0e9000 Exception <a 'java/lang/ClassNotFoundException': org/gradle/api/internal/file/CompositeFileCollectionCustomizer> (0x00000000dc629950) thrown at [C:\src\AOSP-openjdk-git\hotspot\src\share\vm\classfile\systemDictionary.cpp, line 210]
Event: 19.540 Thread 0x000000001b0e9000 Exception <a 'java/lang/ClassNotFoundException': org/gradle/api/internal/file/CompositeFileTreeCustomizer> (0x00000000dc673f50) thrown at [C:\src\AOSP-openjdk-git\hotspot\src\share\vm\classfile\systemDictionary.cpp, line 210]
Event: 19.542 Thread 0x000000001b0e9000 Exception <a 'java/lang/ClassNotFoundException': org/gradle/api/internal/file/collections/DefaultConfigurableFileTreeCustomizer> (0x00000000dc6cab58) thrown at [C:\src\AOSP-openjdk-git\hotspot\src\share\vm\classfile\systemDictionary.cpp, line 210]
Event: 19.812 Thread 0x000000001b0e9000 Exception <a 'java/lang/ClassNotFoundException': org/gradle/api/plugins/internal/DefaultBasePluginConventionBeanInfo> (0x00000000dcdd9638) thrown at [C:\src\AOSP-openjdk-git\hotspot\src\share\vm\classfile\systemDictionary.cpp, line 210]
Event: 19.813 Thread 0x000000001b0e9000 Exception <a 'java/lang/ClassNotFoundException': org/gradle/api/plugins/BasePluginConventionBeanInfo> (0x00000000dce050a0) thrown at [C:\src\AOSP-openjdk-git\hotspot\src\share\vm\classfile\systemDictionary.cpp, line 210]
Event: 19.814 Thread 0x000000001b0e9000 Exception <a 'java/lang/ClassNotFoundException': org/gradle/api/plugins/BasePluginConventionCustomizer> (0x00000000dce31240) thrown at [C:\src\AOSP-openjdk-git\hotspot\src\share\vm\classfile\systemDictionary.cpp, line 210]

Events (10 events):
Event: 19.813 loading class org/gradle/api/plugins/BasePluginConventionBeanInfo
Event: 19.813 loading class org/gradle/api/plugins/BasePluginConventionBeanInfo done
Event: 19.813 loading class org/gradle/api/plugins/BasePluginConventionBeanInfo
Event: 19.813 loading class org/gradle/api/plugins/BasePluginConventionBeanInfo done
Event: 19.813 loading class org/gradle/api/plugins/BasePluginConventionCustomizer
Event: 19.813 loading class org/gradle/api/plugins/BasePluginConventionCustomizer done
Event: 19.814 loading class org/gradle/api/plugins/BasePluginConventionCustomizer
Event: 19.814 loading class org/gradle/api/plugins/BasePluginConventionCustomizer done
Event: 19.814 loading class org/gradle/api/plugins/BasePluginConventionCustomizer
Event: 19.814 loading class org/gradle/api/plugins/BasePluginConventionCustomizer done


Dynamic libraries:
0x00007ff655370000 - 0x00007ff6553a1000 	C:\Program Files\Android\Android Studio\jre\bin\java.exe
0x00007ffd44800000 - 0x00007ffd449ed000 	C:\WINDOWS\SYSTEM32\ntdll.dll
0x00007ffd41a20000 - 0x00007ffd41ad3000 	C:\WINDOWS\System32\KERNEL32.DLL
0x00007ffd41080000 - 0x00007ffd41315000 	C:\WINDOWS\System32\KERNELBASE.dll
0x00007ffd41d40000 - 0x00007ffd41de3000 	C:\WINDOWS\System32\ADVAPI32.dll
0x00007ffd42080000 - 0x00007ffd4211e000 	C:\WINDOWS\System32\msvcrt.dll
0x00007ffd44580000 - 0x00007ffd4461e000 	C:\WINDOWS\System32\sechost.dll
0x00007ffd43c70000 - 0x00007ffd43d92000 	C:\WINDOWS\System32\RPCRT4.dll
0x00007ffd442d0000 - 0x00007ffd44467000 	C:\WINDOWS\System32\USER32.dll
0x00007ffd40900000 - 0x00007ffd40920000 	C:\WINDOWS\System32\win32u.dll
0x00007ffd42120000 - 0x00007ffd42149000 	C:\WINDOWS\System32\GDI32.dll
0x00007ffd41590000 - 0x00007ffd4172c000 	C:\WINDOWS\System32\gdi32full.dll
0x00007ffd41980000 - 0x00007ffd41a20000 	C:\WINDOWS\System32\msvcp_win.dll
0x00007ffd41730000 - 0x00007ffd4182a000 	C:\WINDOWS\System32\ucrtbase.dll
0x00007ffd31540000 - 0x00007ffd317b9000 	C:\WINDOWS\WinSxS\amd64_microsoft.windows.common-controls_6595b64144ccf1df_6.0.17763.1577_none_de7444545348a3d0\COMCTL32.dll
0x00007ffd43da0000 - 0x00007ffd440cd000 	C:\WINDOWS\System32\combase.dll
0x00007ffd41900000 - 0x00007ffd4197e000 	C:\WINDOWS\System32\bcryptPrimitives.dll
0x00007ffd421d0000 - 0x00007ffd421fe000 	C:\WINDOWS\System32\IMM32.DLL
0x000000006b3f0000 - 0x000000006b4c2000 	C:\Program Files\Android\Android Studio\jre\jre\bin\msvcr100.dll
0x000000006bf40000 - 0x000000006c78b000 	C:\Program Files\Android\Android Studio\jre\jre\bin\server\jvm.dll
0x00007ffd447b0000 - 0x00007ffd447b8000 	C:\WINDOWS\System32\PSAPI.DLL
0x00007ffd3e3a0000 - 0x00007ffd3e3c4000 	C:\WINDOWS\SYSTEM32\WINMM.dll
0x00007ffd28660000 - 0x00007ffd28669000 	C:\WINDOWS\SYSTEM32\WSOCK32.dll
0x00007ffd44240000 - 0x00007ffd442ad000 	C:\WINDOWS\System32\WS2_32.dll
0x00007ffd2ec80000 - 0x00007ffd2ec8a000 	C:\WINDOWS\SYSTEM32\VERSION.dll
0x00007ffd3e240000 - 0x00007ffd3e26d000 	C:\WINDOWS\SYSTEM32\WINMMBASE.dll
0x00007ffd408b0000 - 0x00007ffd408fa000 	C:\WINDOWS\System32\cfgmgr32.dll
0x00007ffd38500000 - 0x00007ffd3850f000 	C:\Program Files\Android\Android Studio\jre\jre\bin\verify.dll
0x00007ffd21b50000 - 0x00007ffd21b79000 	C:\Program Files\Android\Android Studio\jre\jre\bin\java.dll
0x00007ffd38390000 - 0x00007ffd383a6000 	C:\Program Files\Android\Android Studio\jre\jre\bin\zip.dll
0x00007ffd42260000 - 0x00007ffd43759000 	C:\WINDOWS\System32\SHELL32.dll
0x00007ffd44470000 - 0x00007ffd44518000 	C:\WINDOWS\System32\shcore.dll
0x00007ffd40920000 - 0x00007ffd41073000 	C:\WINDOWS\System32\windows.storage.dll
0x00007ffd40860000 - 0x00007ffd40884000 	C:\WINDOWS\System32\profapi.dll
0x00007ffd40800000 - 0x00007ffd4085d000 	C:\WINDOWS\System32\powrprof.dll
0x00007ffd44750000 - 0x00007ffd447a2000 	C:\WINDOWS\System32\shlwapi.dll
0x00007ffd407e0000 - 0x00007ffd407f1000 	C:\WINDOWS\System32\kernel.appcore.dll
0x00007ffd418e0000 - 0x00007ffd418f7000 	C:\WINDOWS\System32\cryptsp.dll
0x00007ffd33660000 - 0x00007ffd3367a000 	C:\Program Files\Android\Android Studio\jre\jre\bin\net.dll
0x00007ffd3fff0000 - 0x00007ffd40057000 	C:\WINDOWS\system32\mswsock.dll
0x00007ffd286e0000 - 0x00007ffd286f3000 	C:\Program Files\Android\Android Studio\jre\jre\bin\nio.dll
0x00007ffd1a990000 - 0x00007ffd1a9b6000 	C:\Users\MUHAMMAD USAMA RAUF\.gradle\native\31\windows-amd64\native-platform.dll
0x00007ffd319e0000 - 0x00007ffd319ed000 	C:\Program Files\Android\Android Studio\jre\jre\bin\management.dll
0x00007ffd3fb70000 - 0x00007ffd3fba3000 	C:\WINDOWS\system32\rsaenh.dll
0x00007ffd41560000 - 0x00007ffd41586000 	C:\WINDOWS\System32\bcrypt.dll
0x00007ffd40710000 - 0x00007ffd40739000 	C:\WINDOWS\SYSTEM32\USERENV.dll
0x00007ffd401c0000 - 0x00007ffd401cc000 	C:\WINDOWS\SYSTEM32\CRYPTBASE.dll
0x00007ffd3fd10000 - 0x00007ffd3fd4d000 	C:\WINDOWS\SYSTEM32\IPHLPAPI.DLL
0x00007ffd447c0000 - 0x00007ffd447c8000 	C:\WINDOWS\System32\NSI.dll
0x00007ffd36c70000 - 0x00007ffd36c86000 	C:\WINDOWS\SYSTEM32\dhcpcsvc6.DLL
0x00007ffd36f80000 - 0x00007ffd36f9c000 	C:\WINDOWS\SYSTEM32\dhcpcsvc.DLL
0x00007ffd3fd50000 - 0x00007ffd3fe16000 	C:\WINDOWS\SYSTEM32\DNSAPI.dll

VM Arguments:
jvm_args: -Xmx2048m -Dfile.encoding=windows-1252 -Duser.country=US -Duser.language=en -Duser.variant 
java_command: org.gradle.launcher.daemon.bootstrap.GradleDaemon 6.1.1
java_class_path (initial): C:\Users\MUHAMMAD USAMA RAUF\.gradle\wrapper\dists\gradle-6.1.1-all\cfmwm155h49vnt3hynmlrsdst\gradle-6.1.1\lib\gradle-launcher-6.1.1.jar
Launcher Type: SUN_STANDARD

Environment Variables:
PATH=C:\Program Files\Common Files\Oracle\Java\javapath;C:\WINDOWS\system32;C:\WINDOWS;C:\WINDOWS\System32\Wbem;C:\WINDOWS\System32\WindowsPowerShell\v1.0\;C:\WINDOWS\System32\OpenSSH\;D:\Zahni azmish\Git\cmd;C:\Users\MUHAMMAD USAMA RAUF\AppData\Local\Microsoft\WindowsApps;
USERNAME=MUHAMMAD USAMA RAUF
OS=Windows_NT
PROCESSOR_IDENTIFIER=Intel64 Family 6 Model 61 Stepping 4, GenuineIntel



---------------  S Y S T E M  ---------------

OS: Windows 10.0 , 64 bit Build 17763 (10.0.17763.475)

CPU:total 4 (initial active 4) (2 cores per cpu, 2 threads per core) family 6 model 61 stepping 4, cmov, cx8, fxsr, mmx, sse, sse2, sse3, ssse3, sse4.1, sse4.2, popcnt, avx, avx2, aes, clmul, erms, 3dnowpref, lzcnt, ht, tsc, tscinvbit, bmi1, bmi2, adx

Memory: 4k page, physical 4107804k(268984k free), swap 5543048k(5408k free)

vm_info: OpenJDK 64-Bit Server VM (25.242-b01) for windows-amd64 JRE (1.8.0_242-release-1644-b01), built by "builder" with MS VC++ 10.0 (VS2010)

time: Sat Mar 13 18:56:03 2021
timezone: Pakistan Standard Time
elapsed time: 19 seconds (0d 0h 0m 19s)

